<?xml version="1.0" encoding="UTF-8"?>
<testsuite xmlns:xsi="http://www.w3.org/2001/XMLSchema-instance" xsi:noNamespaceSchemaLocation="https://maven.apache.org/surefire/maven-surefire-plugin/xsd/surefire-test-report.xsd" version="3.0.2" name="com.packt.cardatabase.CardatabaseApplicationTests" time="0.796" tests="1" errors="0" skipped="0" failures="0" flakes="0">
  <properties>
[...]
</properties>
  <testcase name="contextLoads" classname="com.packt.cardatabase.CardatabaseApplicationTests" time="0.269">
    <system-out><![CDATA[01:34:03.043 [main] INFO org.springframework.test.context.support.AnnotationConfigContextLoaderUtils -- Could not detect default configuration classes for test class [com.packt.cardatabase.CardatabaseApplicationTests]: CardatabaseApplicationTests does not declare any static, non-private, non-final, nested classes annotated with @Configuration.
01:34:03.073 [main] INFO org.springframework.boot.test.context.SpringBootTestContextBootstrapper -- Found @SpringBootConfiguration com.packt.cardatabase.CardatabaseApplication for test class com.packt.cardatabase.CardatabaseApplicationTests
01:34:03.103 [main] INFO org.springframework.test.context.support.AnnotationConfigContextLoaderUtils -- Could not detect default configuration classes for test class [com.packt.cardatabase.CardatabaseApplicationTests]: CardatabaseApplicationTests does not declare any static, non-private, non-final, nested classes annotated with @Configuration.
01:34:03.103 [main] INFO org.springframework.boot.test.context.SpringBootTestContextBootstrapper -- Found @SpringBootConfiguration com.packt.cardatabase.CardatabaseApplication for test class com.packt.cardatabase.CardatabaseApplicationTests
01:34:03.129 [main] INFO org.springframework.boot.devtools.restart.RestartApplicationListener -- Restart disabled due to context in which it is running

  .   ____          _            __ _ _
 /\\ / ___'_ __ _ _(_)_ __  __ _ \ \ \ \
( ( )\___ | '_ | '_| | '_ \/ _` | \ \ \ \
 \\/  ___)| |_)| | | | | || (_| |  ) ) ) )
  '  |____| .__|_| |_|_| |_\__, | / / / /
 =========|_|==============|___/=/_/_/_/

 :: Spring Boot ::                (v4.0.6)

2026-05-14T01:34:03.218+02:00  INFO 138909 --- [           main] c.p.c.CardatabaseApplicationTests        : Starting CardatabaseApplicationTests using Java 25.0.3 with PID 138909 (started by ulf in /home/ulf/data/Full-Stack-Development-with-Spring-Boot-3-and-React-Fourth-Edition/chapter01)
2026-05-14T01:34:03.218+02:00  INFO 138909 --- [           main] c.p.c.CardatabaseApplicationTests        : No active profile set, falling back to 1 default profile: "default"
2026-05-14T01:34:03.509+02:00  INFO 138909 --- [           main] c.p.c.CardatabaseApplicationTests        : Started CardatabaseApplicationTests in 0.384 seconds (process running for 0.758)
]]></system-out>
    <system-err><![CDATA[Mockito is currently self-attaching to enable the inline-mock-maker. This will no longer work in future releases of the JDK. Please add Mockito as an agent to your build as described in Mockito's documentation: https://javadoc.io/doc/org.mockito/mockito-core/latest/org.mockito/org/mockito/Mockito.html#0.3
WARNING: A Java agent has been loaded dynamically (/home/ulf/.m2/repository/net/bytebuddy/byte-buddy-agent/1.17.8/byte-buddy-agent-1.17.8.jar)
WARNING: If a serviceability tool is in use, please run with -XX:+EnableDynamicAgentLoading to hide this warning
WARNING: If a serviceability tool is not in use, please run with -Djdk.instrument.traceUsage for more information
WARNING: Dynamic loading of agents will be disallowed by default in a future release
]]></system-err>
  </testcase>
</testsuite>